Got: 48871
START OF LOG
message_init: ready at port '57737'
message_send: TO 127.0.1.1:48871
message_send: 1 lines:
PLAY [kyla]
message_loop: message ready on socket
message_loop: FROM 127.0.0.1:48871
message_loop: 1 lines:
OK A
message_loop: message ready on socket
message_loop: FROM 127.0.0.1:48871
message_loop: 1 lines:
GRID 5 14
message_loop: message ready on socket
message_loop: FROM 127.0.0.1:48871
message_loop: 1 lines:
GOLD 0 0 250
message_loop: message ready on socket
message_loop: FROM 127.0.0.1:48871
message_loop: 6 lines:
DISPLAY
  +----------+
  |..........|
  |........@.|
  |..........|
  +----------+

message_loop: message ready on socket
message_loop: FROM 127.0.0.1:48871
message_loop: 6 lines:
DISPLAY
  +----------+
  |..........|
  |........@.|
  |..........|
  +----------+

message_loop: input ready on stdin
message_send: TO 127.0.1.1:48871
message_send: 1 lines:
KEY h
message_loop: message ready on socket
message_loop: FROM 127.0.0.1:48871
message_loop: 6 lines:
DISPLAY
  +----------+
  |..........|
  |.......@..|
  |..........|
  +----------+

message_loop: input ready on stdin
message_send: TO 127.0.1.1:48871
message_send: 1 lines:
KEY h
message_loop: message ready on socket
message_loop: FROM 127.0.0.1:48871
message_loop: 6 lines:
DISPLAY
  +----------+
  |..........|
  |......@...|
  |..........|
  +----------+

message_loop: input ready on stdin
message_send: TO 127.0.1.1:48871
message_send: 1 lines:
KEY h
message_loop: message ready on socket
message_loop: FROM 127.0.0.1:48871
message_loop: 6 lines:
DISPLAY
  +----------+
  |..........|
  |.....@....|
  |..........|
  +----------+

message_loop: input ready on stdin
message_send: TO 127.0.1.1:48871
message_send: 1 lines:
KEY h
message_loop: message ready on socket
message_loop: FROM 127.0.0.1:48871
message_loop: 6 lines:
DISPLAY
  +----------+
  |..........|
  |....@.....|
  |..........|
  +----------+

message_loop: input ready on stdin
message_send: TO 127.0.1.1:48871
message_send: 1 lines:
KEY h
message_loop: message ready on socket
message_loop: FROM 127.0.0.1:48871
message_loop: 6 lines:
DISPLAY
  +----------+
  |..........|
  |...@......|
  |..........|
  +----------+

message_loop: input ready on stdin
message_send: TO 127.0.1.1:48871
message_send: 1 lines:
KEY h
message_loop: message ready on socket
message_loop: FROM 127.0.0.1:48871
message_loop: 6 lines:
DISPLAY
  +----------+
  |..........|
  |..@.......|
  |..........|
  +----------+

message_loop: input ready on stdin
message_send: TO 127.0.1.1:48871
message_send: 1 lines:
KEY j
message_loop: message ready on socket
message_loop: FROM 127.0.0.1:48871
message_loop: 6 lines:
DISPLAY
  +----------+
  |..........|
  |..........|
  |..@.......|
  +----------+

message_loop: input ready on stdin
message_send: TO 127.0.1.1:48871
message_send: 1 lines:
KEY k
message_loop: message ready on socket
message_loop: FROM 127.0.0.1:48871
message_loop: 6 lines:
DISPLAY
  +----------+
  |..........|
  |..@.......|
  |..........|
  +----------+

message_loop: input ready on stdin
message_send: TO 127.0.1.1:48871
message_send: 1 lines:
KEY y
message_loop: message ready on socket
message_loop: FROM 127.0.0.1:48871
message_loop: 1 lines:
y key received.
Unknown message: y key received.
message_loop: input ready on stdin
message_send: TO 127.0.1.1:48871
message_send: 1 lines:
KEY y
message_loop: message ready on socket
message_loop: FROM 127.0.0.1:48871
message_loop: 1 lines:
y key received.
Unknown message: y key received.
message_loop: select() EINTR: interrupted by signal: Interrupted system call
message_loop: select() EINTR: interrupted by signal: Interrupted system call
message_loop: input ready on stdin
message_send: TO 127.0.1.1:48871
message_send: 1 lines:
KEY š
message_loop: input ready on stdin
message_send: TO 127.0.1.1:48871
message_send: 1 lines:
KEY h
message_loop: message ready on socket
message_loop: FROM 127.0.0.1:48871
message_loop: 1 lines:
ERROR Invalid key.
Error: Invalid key.
message_loop: message ready on socket
message_loop: FROM 127.0.0.1:48871
message_loop: 6 lines:
DISPLAY
  +----------+
  |..........|
  |.@........|
  |..........|
  +----------+

message_loop: input ready on stdin
message_send: TO 127.0.1.1:48871
message_send: 1 lines:
KEY l
message_loop: message ready on socket
message_loop: FROM 127.0.0.1:48871
message_loop: 6 lines:
DISPLAY
  +----------+
  |..........|
  |..@.......|
  |..........|
  +----------+

message_loop: input ready on stdin
message_send: TO 127.0.1.1:48871
message_send: 1 lines:
KEY j
message_loop: message ready on socket
message_loop: FROM 127.0.0.1:48871
message_loop: 6 lines:
DISPLAY
  +----------+
  |..........|
  |..........|
  |..@.......|
  +----------+

message_loop: input ready on stdin
message_send: TO 127.0.1.1:48871
message_send: 1 lines:
KEY k
message_loop: message ready on socket
message_loop: FROM 127.0.0.1:48871
message_loop: 6 lines:
DISPLAY
  +----------+
  |..........|
  |..@.......|
  |..........|
  +----------+

message_loop: input ready on stdin
message_send: TO 127.0.1.1:48871
message_send: 1 lines:
KEY u
message_loop: message ready on socket
message_loop: FROM 127.0.0.1:48871
message_loop: 1 lines:
u key received.
Unknown message: u key received.
message_loop: input ready on stdin
message_send: TO 127.0.1.1:48871
message_send: 1 lines:
KEY u
message_loop: message ready on socket
message_loop: FROM 127.0.0.1:48871
message_loop: 1 lines:
u key received.
Unknown message: u key received.
message_loop: input ready on stdin
message_send: TO 127.0.1.1:48871
message_send: 1 lines:
KEY y
message_loop: message ready on socket
message_loop: FROM 127.0.0.1:48871
message_loop: 1 lines:
y key received.
Unknown message: y key received.
message_loop: input ready on stdin
message_send: TO 127.0.1.1:48871
message_send: 1 lines:
KEY b
message_loop: message ready on socket
message_loop: FROM 127.0.0.1:48871
message_loop: 1 lines:
b key received.
Unknown message: b key received.
message_loop: input ready on stdin
message_send: TO 127.0.1.1:48871
message_send: 1 lines:
KEY n
message_loop: message ready on socket
message_loop: FROM 127.0.0.1:48871
message_loop: 1 lines:
n key received.
Unknown message: n key received.
message_loop: input ready on stdin
message_send: TO 127.0.1.1:48871
message_send: 1 lines:
KEY k
message_loop: message ready on socket
message_loop: FROM 127.0.0.1:48871
message_loop: 6 lines:
DISPLAY
  +----------+
  |..@.......|
  |..........|
  |..........|
  +----------+

message_loop: input ready on stdin
message_send: TO 127.0.1.1:48871
message_send: 1 lines:
KEY k
message_loop: input ready on stdin
message_send: TO 127.0.1.1:48871
message_send: 1 lines:
KEY k
message_loop: input ready on stdin
message_send: TO 127.0.1.1:48871
message_send: 1 lines:
KEY j
message_loop: message ready on socket
message_loop: FROM 127.0.0.1:48871
message_loop: 6 lines:
DISPLAY
  +----------+
  |..........|
  |..@.......|
  |..........|
  +----------+

message_loop: input ready on stdin
message_send: TO 127.0.1.1:48871
message_send: 1 lines:
KEY j
message_loop: message ready on socket
message_loop: FROM 127.0.0.1:48871
message_loop: 6 lines:
DISPLAY
  +----------+
  |..........|
  |..........|
  |..@.......|
  +----------+

message_loop: input ready on stdin
message_send: TO 127.0.1.1:48871
message_send: 1 lines:
KEY j
message_loop: input ready on stdin
message_send: TO 127.0.1.1:48871
message_send: 1 lines:
KEY j
message_loop: input ready on stdin
