Got: 40681
START OF LOG
message_init: ready at port '46065'
message_send: TO 127.0.1.1:40681
message_send: 1 lines:
SPECTATE
message_loop: message ready on socket
message_loop: FROM 127.0.0.1:40681
message_loop: 1 lines:
GRID 5 14
message_loop: message ready on socket
message_loop: FROM 127.0.0.1:40681
message_loop: 1 lines:
GOLD 0 0 250
message_loop: message ready on socket
message_loop: FROM 127.0.0.1:40681
message_loop: 6 lines:
DISPLAY
  +----------+
  |..........|
  |...A......|
  |..........|
  +----------+

message_loop: select() EINTR: interrupted by signal: Interrupted system call
